<?xml version="1.0" encoding="UTF-8"?>
<testsuite xmlns:xsi="http://www.w3.org/2001/XMLSchema-instance" xsi:noNamespaceSchemaLocation="https://maven.apache.org/surefire/maven-surefire-plugin/xsd/surefire-test-report.xsd" name="com.persagy.hbase.flow.FlowApplicationTests" time="6.64" tests="1" errors="0" skipped="0" failures="0">
  <properties>
    <property name="sun.desktop" value="windows"/>
    <property name="awt.toolkit" value="sun.awt.windows.WToolkit"/>
    <property name="file.encoding.pkg" value="sun.io"/>
    <property name="java.specification.version" value="1.8"/>
    <property name="sun.cpu.isalist" value="amd64"/>
    <property name="sun.jnu.encoding" value="GBK"/>
    <property name="java.class.path" value="C:\wudla\work_space\hbase_flow\target\test-classes;C:\wudla\work_space\hbase_flow\target\classes;C:\dev\mvn_lib\repo\org\springframework\boot\spring-boot-starter-data-rest\2.3.1.RELEASE\spring-boot-starter-data-rest-2.3.1.RELEASE.jar;C:\dev\mvn_lib\repo\org\springframework\data\spring-data-rest-webmvc\3.3.1.RELEASE\spring-data-rest-webmvc-3.3.1.RELEASE.jar;C:\dev\mvn_lib\repo\org\springframework\data\spring-data-rest-core\3.3.1.RELEASE\spring-data-rest-core-3.3.1.RELEASE.jar;C:\dev\mvn_lib\repo\org\springframework\spring-tx\5.2.7.RELEASE\spring-tx-5.2.7.RELEASE.jar;C:\dev\mvn_lib\repo\org\springframework\hateoas\spring-hateoas\1.1.0.RELEASE\spring-hateoas-1.1.0.RELEASE.jar;C:\dev\mvn_lib\repo\org\springframework\data\spring-data-commons\2.3.1.RELEASE\spring-data-commons-2.3.1.RELEASE.jar;C:\dev\mvn_lib\repo\org\springframework\plugin\spring-plugin-core\2.0.0.RELEASE\spring-plugin-core-2.0.0.RELEASE.jar;C:\dev\mvn_lib\repo\org\atteo\evo-inflector\1.2.2\evo-inflector-1.2.2.jar;C:\dev\mvn_lib\repo\com\fasterxml\jackson\core\jackson-databind\2.11.0\jackson-databind-2.11.0.jar;C:\dev\mvn_lib\repo\com\fasterxml\jackson\core\jackson-core\2.11.0\jackson-core-2.11.0.jar;C:\dev\mvn_lib\repo\com\fasterxml\jackson\core\jackson-annotations\2.11.0\jackson-annotations-2.11.0.jar;C:\dev\mvn_lib\repo\org\springframework\boot\spring-boot-starter-web\2.3.1.RELEASE\spring-boot-starter-web-2.3.1.RELEASE.jar;C:\dev\mvn_lib\repo\org\springframework\boot\spring-boot-starter\2.3.1.RELEASE\spring-boot-starter-2.3.1.RELEASE.jar;C:\dev\mvn_lib\repo\org\springframework\boot\spring-boot\2.3.1.RELEASE\spring-boot-2.3.1.RELEASE.jar;C:\dev\mvn_lib\repo\org\springframework\boot\spring-boot-autoconfigure\2.3.1.RELEASE\spring-boot-autoconfigure-2.3.1.RELEASE.jar;C:\dev\mvn_lib\repo\org\springframework\boot\spring-boot-starter-logging\2.3.1.RELEASE\spring-boot-starter-logging-2.3.1.RELEASE.jar;C:\dev\mvn_lib\repo\ch\qos\logback\logback-classic\1.2.3\logback-classic-1.2.3.jar;C:\dev\mvn_lib\repo\ch\qos\logback\logback-core\1.2.3\logback-core-1.2.3.jar;C:\dev\mvn_lib\repo\org\apache\logging\log4j\log4j-to-slf4j\2.13.3\log4j-to-slf4j-2.13.3.jar;C:\dev\mvn_lib\repo\org\apache\logging\log4j\log4j-api\2.13.3\log4j-api-2.13.3.jar;C:\dev\mvn_lib\repo\org\slf4j\jul-to-slf4j\1.7.22\jul-to-slf4j-1.7.22.jar;C:\dev\mvn_lib\repo\jakarta\annotation\jakarta.annotation-api\1.3.5\jakarta.annotation-api-1.3.5.jar;C:\dev\mvn_lib\repo\org\yaml\snakeyaml\1.26\snakeyaml-1.26.jar;C:\dev\mvn_lib\repo\org\springframework\boot\spring-boot-starter-json\2.3.1.RELEASE\spring-boot-starter-json-2.3.1.RELEASE.jar;C:\dev\mvn_lib\repo\com\fasterxml\jackson\datatype\jackson-datatype-jdk8\2.11.0\jackson-datatype-jdk8-2.11.0.jar;C:\dev\mvn_lib\repo\com\fasterxml\jackson\datatype\jackson-datatype-jsr310\2.11.0\jackson-datatype-jsr310-2.11.0.jar;C:\dev\mvn_lib\repo\com\fasterxml\jackson\module\jackson-module-parameter-names\2.11.0\jackson-module-parameter-names-2.11.0.jar;C:\dev\mvn_lib\repo\org\springframework\boot\spring-boot-starter-tomcat\2.3.1.RELEASE\spring-boot-starter-tomcat-2.3.1.RELEASE.jar;C:\dev\mvn_lib\repo\org\apache\tomcat\embed\tomcat-embed-core\9.0.36\tomcat-embed-core-9.0.36.jar;C:\dev\mvn_lib\repo\org\glassfish\jakarta.el\3.0.3\jakarta.el-3.0.3.jar;C:\dev\mvn_lib\repo\org\apache\tomcat\embed\tomcat-embed-websocket\9.0.36\tomcat-embed-websocket-9.0.36.jar;C:\dev\mvn_lib\repo\org\springframework\spring-web\5.2.7.RELEASE\spring-web-5.2.7.RELEASE.jar;C:\dev\mvn_lib\repo\org\springframework\spring-beans\5.2.7.RELEASE\spring-beans-5.2.7.RELEASE.jar;C:\dev\mvn_lib\repo\org\springframework\spring-webmvc\5.2.7.RELEASE\spring-webmvc-5.2.7.RELEASE.jar;C:\dev\mvn_lib\repo\org\springframework\spring-aop\5.2.7.RELEASE\spring-aop-5.2.7.RELEASE.jar;C:\dev\mvn_lib\repo\org\springframework\spring-context\5.2.7.RELEASE\spring-context-5.2.7.RELEASE.jar;C:\dev\mvn_lib\repo\org\springframework\spring-expression\5.2.7.RELEASE\spring-expression-5.2.7.RELEASE.jar;C:\dev\mvn_lib\repo\org\projectlombok\lombok\1.18.12\lombok-1.18.12.jar;C:\dev\mvn_lib\repo\org\springframework\boot\spring-boot-starter-test\2.3.1.RELEASE\spring-boot-starter-test-2.3.1.RELEASE.jar;C:\dev\mvn_lib\repo\org\springframework\boot\spring-boot-test\2.3.1.RELEASE\spring-boot-test-2.3.1.RELEASE.jar;C:\dev\mvn_lib\repo\org\springframework\boot\spring-boot-test-autoconfigure\2.3.1.RELEASE\spring-boot-test-autoconfigure-2.3.1.RELEASE.jar;C:\dev\mvn_lib\repo\com\jayway\jsonpath\json-path\2.4.0\json-path-2.4.0.jar;C:\dev\mvn_lib\repo\net\minidev\json-smart\2.3\json-smart-2.3.jar;C:\dev\mvn_lib\repo\net\minidev\accessors-smart\1.2\accessors-smart-1.2.jar;C:\dev\mvn_lib\repo\org\ow2\asm\asm\5.0.4\asm-5.0.4.jar;C:\dev\mvn_lib\repo\jakarta\xml\bind\jakarta.xml.bind-api\2.3.3\jakarta.xml.bind-api-2.3.3.jar;C:\dev\mvn_lib\repo\jakarta\activation\jakarta.activation-api\1.2.2\jakarta.activation-api-1.2.2.jar;C:\dev\mvn_lib\repo\org\assertj\assertj-core\3.16.1\assertj-core-3.16.1.jar;C:\dev\mvn_lib\repo\org\hamcrest\hamcrest\2.2\hamcrest-2.2.jar;C:\dev\mvn_lib\repo\org\junit\jupiter\junit-jupiter\5.6.2\junit-jupiter-5.6.2.jar;C:\dev\mvn_lib\repo\org\junit\jupiter\junit-jupiter-api\5.6.2\junit-jupiter-api-5.6.2.jar;C:\dev\mvn_lib\repo\org\apiguardian\apiguardian-api\1.1.0\apiguardian-api-1.1.0.jar;C:\dev\mvn_lib\repo\org\opentest4j\opentest4j\1.2.0\opentest4j-1.2.0.jar;C:\dev\mvn_lib\repo\org\junit\platform\junit-platform-commons\1.6.2\junit-platform-commons-1.6.2.jar;C:\dev\mvn_lib\repo\org\junit\jupiter\junit-jupiter-params\5.6.2\junit-jupiter-params-5.6.2.jar;C:\dev\mvn_lib\repo\org\junit\jupiter\junit-jupiter-engine\5.6.2\junit-jupiter-engine-5.6.2.jar;C:\dev\mvn_lib\repo\org\junit\platform\junit-platform-engine\1.6.2\junit-platform-engine-1.6.2.jar;C:\dev\mvn_lib\repo\org\mockito\mockito-core\3.3.3\mockito-core-3.3.3.jar;C:\dev\mvn_lib\repo\net\bytebuddy\byte-buddy\1.10.11\byte-buddy-1.10.11.jar;C:\dev\mvn_lib\repo\net\bytebuddy\byte-buddy-agent\1.10.11\byte-buddy-agent-1.10.11.jar;C:\dev\mvn_lib\repo\org\objenesis\objenesis\2.6\objenesis-2.6.jar;C:\dev\mvn_lib\repo\org\mockito\mockito-junit-jupiter\3.3.3\mockito-junit-jupiter-3.3.3.jar;C:\dev\mvn_lib\repo\org\skyscreamer\jsonassert\1.5.0\jsonassert-1.5.0.jar;C:\dev\mvn_lib\repo\com\vaadin\external\google\android-json\0.0.20131108.vaadin1\android-json-0.0.20131108.vaadin1.jar;C:\dev\mvn_lib\repo\org\springframework\spring-core\5.2.7.RELEASE\spring-core-5.2.7.RELEASE.jar;C:\dev\mvn_lib\repo\org\springframework\spring-jcl\5.2.7.RELEASE\spring-jcl-5.2.7.RELEASE.jar;C:\dev\mvn_lib\repo\org\springframework\spring-test\5.2.7.RELEASE\spring-test-5.2.7.RELEASE.jar;C:\dev\mvn_lib\repo\org\xmlunit\xmlunit-core\2.7.0\xmlunit-core-2.7.0.jar;C:\dev\mvn_lib\repo\com\alibaba\fastjson\1.2.47\fastjson-1.2.47.jar;C:\dev\mvn_lib\repo\org\slf4j\slf4j-log4j12\1.7.22\slf4j-log4j12-1.7.22.jar;C:\dev\mvn_lib\repo\org\slf4j\slf4j-api\1.7.22\slf4j-api-1.7.22.jar;C:\dev\mvn_lib\repo\log4j\log4j\1.2.17\log4j-1.2.17.jar;C:\dev\mvn_lib\repo\org\apache\hbase\hbase-server\1.3.1\hbase-server-1.3.1.jar;C:\dev\mvn_lib\repo\org\apache\hbase\hbase-common\1.3.1\hbase-common-1.3.1.jar;C:\dev\mvn_lib\repo\com\github\stephenc\findbugs\findbugs-annotations\1.3.9-1\findbugs-annotations-1.3.9-1.jar;C:\dev\mvn_lib\repo\org\apache\hbase\hbase-protocol\1.3.1\hbase-protocol-1.3.1.jar;C:\dev\mvn_lib\repo\org\apache\hbase\hbase-procedure\1.3.1\hbase-procedure-1.3.1.jar;C:\dev\mvn_lib\repo\org\apache\hbase\hbase-common\1.3.1\hbase-common-1.3.1-tests.jar;C:\dev\mvn_lib\repo\org\apache\hbase\hbase-prefix-tree\1.3.1\hbase-prefix-tree-1.3.1.jar;C:\dev\mvn_lib\repo\commons-httpclient\commons-httpclient\3.1\commons-httpclient-3.1.jar;C:\dev\mvn_lib\repo\commons-codec\commons-codec\1.14\commons-codec-1.14.jar;C:\dev\mvn_lib\repo\commons-collections\commons-collections\3.2.2\commons-collections-3.2.2.jar;C:\dev\mvn_lib\repo\org\apache\hbase\hbase-hadoop-compat\1.3.1\hbase-hadoop-compat-1.3.1.jar;C:\dev\mvn_lib\repo\org\apache\hbase\hbase-hadoop2-compat\1.3.1\hbase-hadoop2-compat-1.3.1.jar;C:\dev\mvn_lib\repo\com\yammer\metrics\metrics-core\2.2.0\metrics-core-2.2.0.jar;C:\dev\mvn_lib\repo\com\google\guava\guava\12.0.1\guava-12.0.1.jar;C:\dev\mvn_lib\repo\com\google\protobuf\protobuf-java\2.5.0\protobuf-java-2.5.0.jar;C:\dev\mvn_lib\repo\com\sun\jersey\jersey-core\1.9\jersey-core-1.9.jar;C:\dev\mvn_lib\repo\com\sun\jersey\jersey-server\1.9\jersey-server-1.9.jar;C:\dev\mvn_lib\repo\asm\asm\3.1\asm-3.1.jar;C:\dev\mvn_lib\repo\commons-cli\commons-cli\1.2\commons-cli-1.2.jar;C:\dev\mvn_lib\repo\commons-io\commons-io\2.4\commons-io-2.4.jar;C:\dev\mvn_lib\repo\commons-lang\commons-lang\2.6\commons-lang-2.6.jar;C:\dev\mvn_lib\repo\commons-logging\commons-logging\1.2\commons-logging-1.2.jar;C:\dev\mvn_lib\repo\org\apache\commons\commons-math\2.2\commons-math-2.2.jar;C:\dev\mvn_lib\repo\org\apache\zookeeper\zookeeper\3.4.6\zookeeper-3.4.6.jar;C:\dev\mvn_lib\repo\org\mortbay\jetty\jetty\6.1.26\jetty-6.1.26.jar;C:\dev\mvn_lib\repo\org\mortbay\jetty\jetty-util\6.1.26\jetty-util-6.1.26.jar;C:\dev\mvn_lib\repo\org\mortbay\jetty\jetty-sslengine\6.1.26\jetty-sslengine-6.1.26.jar;C:\dev\mvn_lib\repo\org\mortbay\jetty\jsp-2.1\6.1.14\jsp-2.1-6.1.14.jar;C:\dev\mvn_lib\repo\org\mortbay\jetty\jsp-api-2.1\6.1.14\jsp-api-2.1-6.1.14.jar;C:\dev\mvn_lib\repo\org\mortbay\jetty\servlet-api-2.5\6.1.14\servlet-api-2.5-6.1.14.jar;C:\dev\mvn_lib\repo\org\codehaus\jackson\jackson-core-asl\1.9.13\jackson-core-asl-1.9.13.jar;C:\dev\mvn_lib\repo\org\codehaus\jackson\jackson-mapper-asl\1.9.13\jackson-mapper-asl-1.9.13.jar;C:\dev\mvn_lib\repo\org\codehaus\jackson\jackson-jaxrs\1.9.13\jackson-jaxrs-1.9.13.jar;C:\dev\mvn_lib\repo\tomcat\jasper-compiler\5.5.23\jasper-compiler-5.5.23.jar;C:\dev\mvn_lib\repo\tomcat\jasper-runtime\5.5.23\jasper-runtime-5.5.23.jar;C:\dev\mvn_lib\repo\commons-el\commons-el\1.0\commons-el-1.0.jar;C:\dev\mvn_lib\repo\org\jamon\jamon-runtime\2.4.1\jamon-runtime-2.4.1.jar;C:\dev\mvn_lib\repo\io\netty\netty-all\4.1.50.Final\netty-all-4.1.50.Final.jar;C:\dev\mvn_lib\repo\org\apache\htrace\htrace-core\3.1.0-incubating\htrace-core-3.1.0-incubating.jar;C:\dev\mvn_lib\repo\com\lmax\disruptor\3.3.0\disruptor-3.3.0.jar;C:\dev\mvn_lib\repo\org\apache\hadoop\hadoop-common\2.5.1\hadoop-common-2.5.1.jar;C:\dev\mvn_lib\repo\org\apache\hadoop\hadoop-annotations\2.5.1\hadoop-annotations-2.5.1.jar;C:\Program Files\Java\jdk1.8.0_141\jre\..\lib\tools.jar;C:\dev\mvn_lib\repo\org\apache\commons\commons-math3\3.1.1\commons-math3-3.1.1.jar;C:\dev\mvn_lib\repo\xmlenc\xmlenc\0.52\xmlenc-0.52.jar;C:\dev\mvn_lib\repo\commons-net\commons-net\3.1\commons-net-3.1.jar;C:\dev\mvn_lib\repo\com\sun\jersey\jersey-json\1.9\jersey-json-1.9.jar;C:\dev\mvn_lib\repo\org\codehaus\jettison\jettison\1.1\jettison-1.1.jar;C:\dev\mvn_lib\repo\com\sun\xml\bind\jaxb-impl\2.2.3-1\jaxb-impl-2.2.3-1.jar;C:\dev\mvn_lib\repo\org\codehaus\jackson\jackson-xc\1.8.3\jackson-xc-1.8.3.jar;C:\dev\mvn_lib\repo\net\java\dev\jets3t\jets3t\0.9.0\jets3t-0.9.0.jar;C:\dev\mvn_lib\repo\org\apache\httpcomponents\httpcore\4.4.13\httpcore-4.4.13.jar;C:\dev\mvn_lib\repo\com\jamesmurty\utils\java-xmlbuilder\0.4\java-xmlbuilder-0.4.jar;C:\dev\mvn_lib\repo\commons-configuration\commons-configuration\1.6\commons-configuration-1.6.jar;C:\dev\mvn_lib\repo\commons-digester\commons-digester\1.8\commons-digester-1.8.jar;C:\dev\mvn_lib\repo\commons-beanutils\commons-beanutils\1.7.0\commons-beanutils-1.7.0.jar;C:\dev\mvn_lib\repo\commons-beanutils\commons-beanutils-core\1.8.0\commons-beanutils-core-1.8.0.jar;C:\dev\mvn_lib\repo\org\apache\avro\avro\1.7.4\avro-1.7.4.jar;C:\dev\mvn_lib\repo\com\thoughtworks\paranamer\paranamer\2.3\paranamer-2.3.jar;C:\dev\mvn_lib\repo\org\xerial\snappy\snappy-java\1.0.4.1\snappy-java-1.0.4.1.jar;C:\dev\mvn_lib\repo\com\jcraft\jsch\0.1.42\jsch-0.1.42.jar;C:\dev\mvn_lib\repo\org\apache\commons\commons-compress\1.4.1\commons-compress-1.4.1.jar;C:\dev\mvn_lib\repo\org\tukaani\xz\1.0\xz-1.0.jar;C:\dev\mvn_lib\repo\org\apache\hadoop\hadoop-auth\2.5.1\hadoop-auth-2.5.1.jar;C:\dev\mvn_lib\repo\org\apache\httpcomponents\httpclient\4.5.12\httpclient-4.5.12.jar;C:\dev\mvn_lib\repo\org\apache\directory\server\apacheds-kerberos-codec\2.0.0-M15\apacheds-kerberos-codec-2.0.0-M15.jar;C:\dev\mvn_lib\repo\org\apache\directory\server\apacheds-i18n\2.0.0-M15\apacheds-i18n-2.0.0-M15.jar;C:\dev\mvn_lib\repo\org\apache\directory\api\api-asn1-api\1.0.0-M20\api-asn1-api-1.0.0-M20.jar;C:\dev\mvn_lib\repo\org\apache\directory\api\api-util\1.0.0-M20\api-util-1.0.0-M20.jar;C:\dev\mvn_lib\repo\org\apache\hadoop\hadoop-client\2.5.1\hadoop-client-2.5.1.jar;C:\dev\mvn_lib\repo\org\apache\hadoop\hadoop-mapreduce-client-app\2.5.1\hadoop-mapreduce-client-app-2.5.1.jar;C:\dev\mvn_lib\repo\org\apache\hadoop\hadoop-mapreduce-client-common\2.5.1\hadoop-mapreduce-client-common-2.5.1.jar;C:\dev\mvn_lib\repo\org\apache\hadoop\hadoop-yarn-client\2.5.1\hadoop-yarn-client-2.5.1.jar;C:\dev\mvn_lib\repo\com\sun\jersey\jersey-client\1.9\jersey-client-1.9.jar;C:\dev\mvn_lib\repo\org\apache\hadoop\hadoop-yarn-server-common\2.5.1\hadoop-yarn-server-common-2.5.1.jar;C:\dev\mvn_lib\repo\org\apache\hadoop\hadoop-mapreduce-client-shuffle\2.5.1\hadoop-mapreduce-client-shuffle-2.5.1.jar;C:\dev\mvn_lib\repo\org\fusesource\leveldbjni\leveldbjni-all\1.8\leveldbjni-all-1.8.jar;C:\dev\mvn_lib\repo\org\apache\hadoop\hadoop-yarn-api\2.5.1\hadoop-yarn-api-2.5.1.jar;C:\dev\mvn_lib\repo\org\apache\hadoop\hadoop-mapreduce-client-jobclient\2.5.1\hadoop-mapreduce-client-jobclient-2.5.1.jar;C:\dev\mvn_lib\repo\org\apache\hadoop\hadoop-mapreduce-client-core\2.5.1\hadoop-mapreduce-client-core-2.5.1.jar;C:\dev\mvn_lib\repo\org\apache\hadoop\hadoop-yarn-common\2.5.1\hadoop-yarn-common-2.5.1.jar;C:\dev\mvn_lib\repo\javax\xml\bind\jaxb-api\2.3.1\jaxb-api-2.3.1.jar;C:\dev\mvn_lib\repo\javax\activation\javax.activation-api\1.2.0\javax.activation-api-1.2.0.jar;C:\dev\mvn_lib\repo\javax\servlet\servlet-api\2.5\servlet-api-2.5.jar;C:\dev\mvn_lib\repo\com\google\inject\guice\3.0\guice-3.0.jar;C:\dev\mvn_lib\repo\javax\inject\javax.inject\1\javax.inject-1.jar;C:\dev\mvn_lib\repo\aopalliance\aopalliance\1.0\aopalliance-1.0.jar;C:\dev\mvn_lib\repo\com\sun\jersey\contribs\jersey-guice\1.9\jersey-guice-1.9.jar;C:\dev\mvn_lib\repo\com\google\inject\extensions\guice-servlet\3.0\guice-servlet-3.0.jar;C:\dev\mvn_lib\repo\org\apache\hadoop\hadoop-hdfs\2.5.1\hadoop-hdfs-2.5.1.jar;C:\dev\mvn_lib\repo\commons-daemon\commons-daemon\1.0.13\commons-daemon-1.0.13.jar;C:\dev\mvn_lib\repo\junit\junit\4.13\junit-4.13.jar;C:\dev\mvn_lib\repo\org\hamcrest\hamcrest-core\2.2\hamcrest-core-2.2.jar;C:\dev\mvn_lib\repo\org\apache\hbase\hbase-client\1.3.1\hbase-client-1.3.1.jar;C:\dev\mvn_lib\repo\org\apache\hbase\hbase-annotations\1.3.1\hbase-annotations-1.3.1.jar;C:\dev\mvn_lib\repo\org\jruby\jcodings\jcodings\1.0.8\jcodings-1.0.8.jar;C:\dev\mvn_lib\repo\org\jruby\joni\joni\2.1.2\joni-2.1.2.jar;"/>
    <property name="java.vm.vendor" value="Oracle Corporation"/>
    <property name="sun.arch.data.model" value="64"/>
    <property name="user.variant" value=""/>
    <property name="java.vendor.url" value="http://java.oracle.com/"/>
    <property name="user.timezone" value="Asia/Shanghai"/>
    <property name="java.vm.specification.version" value="1.8"/>
    <property name="os.name" value="Windows 10"/>
    <property name="user.country" value="CN"/>
    <property name="sun.java.launcher" value="SUN_STANDARD"/>
    <property name="sun.boot.library.path" value="C:\Program Files\Java\jdk1.8.0_141\jre\bin"/>
    <property name="sun.java.command" value="C:\Users\ADMINI~1\AppData\Local\Temp\surefire4075201961464126893\surefirebooter4271590213456180950.jar C:\Users\Administrator\AppData\Local\Temp\surefire4075201961464126893 2020-07-10T17-18-30_900-jvmRun1 surefire7520844268738802839tmp surefire_0143825715733067941tmp"/>
    <property name="surefire.test.class.path" value="C:\wudla\work_space\hbase_flow\target\test-classes;C:\wudla\work_space\hbase_flow\target\classes;C:\dev\mvn_lib\repo\org\springframework\boot\spring-boot-starter-data-rest\2.3.1.RELEASE\spring-boot-starter-data-rest-2.3.1.RELEASE.jar;C:\dev\mvn_lib\repo\org\springframework\data\spring-data-rest-webmvc\3.3.1.RELEASE\spring-data-rest-webmvc-3.3.1.RELEASE.jar;C:\dev\mvn_lib\repo\org\springframework\data\spring-data-rest-core\3.3.1.RELEASE\spring-data-rest-core-3.3.1.RELEASE.jar;C:\dev\mvn_lib\repo\org\springframework\spring-tx\5.2.7.RELEASE\spring-tx-5.2.7.RELEASE.jar;C:\dev\mvn_lib\repo\org\springframework\hateoas\spring-hateoas\1.1.0.RELEASE\spring-hateoas-1.1.0.RELEASE.jar;C:\dev\mvn_lib\repo\org\springframework\data\spring-data-commons\2.3.1.RELEASE\spring-data-commons-2.3.1.RELEASE.jar;C:\dev\mvn_lib\repo\org\springframework\plugin\spring-plugin-core\2.0.0.RELEASE\spring-plugin-core-2.0.0.RELEASE.jar;C:\dev\mvn_lib\repo\org\atteo\evo-inflector\1.2.2\evo-inflector-1.2.2.jar;C:\dev\mvn_lib\repo\com\fasterxml\jackson\core\jackson-databind\2.11.0\jackson-databind-2.11.0.jar;C:\dev\mvn_lib\repo\com\fasterxml\jackson\core\jackson-core\2.11.0\jackson-core-2.11.0.jar;C:\dev\mvn_lib\repo\com\fasterxml\jackson\core\jackson-annotations\2.11.0\jackson-annotations-2.11.0.jar;C:\dev\mvn_lib\repo\org\springframework\boot\spring-boot-starter-web\2.3.1.RELEASE\spring-boot-starter-web-2.3.1.RELEASE.jar;C:\dev\mvn_lib\repo\org\springframework\boot\spring-boot-starter\2.3.1.RELEASE\spring-boot-starter-2.3.1.RELEASE.jar;C:\dev\mvn_lib\repo\org\springframework\boot\spring-boot\2.3.1.RELEASE\spring-boot-2.3.1.RELEASE.jar;C:\dev\mvn_lib\repo\org\springframework\boot\spring-boot-autoconfigure\2.3.1.RELEASE\spring-boot-autoconfigure-2.3.1.RELEASE.jar;C:\dev\mvn_lib\repo\org\springframework\boot\spring-boot-starter-logging\2.3.1.RELEASE\spring-boot-starter-logging-2.3.1.RELEASE.jar;C:\dev\mvn_lib\repo\ch\qos\logback\logback-classic\1.2.3\logback-classic-1.2.3.jar;C:\dev\mvn_lib\repo\ch\qos\logback\logback-core\1.2.3\logback-core-1.2.3.jar;C:\dev\mvn_lib\repo\org\apache\logging\log4j\log4j-to-slf4j\2.13.3\log4j-to-slf4j-2.13.3.jar;C:\dev\mvn_lib\repo\org\apache\logging\log4j\log4j-api\2.13.3\log4j-api-2.13.3.jar;C:\dev\mvn_lib\repo\org\slf4j\jul-to-slf4j\1.7.22\jul-to-slf4j-1.7.22.jar;C:\dev\mvn_lib\repo\jakarta\annotation\jakarta.annotation-api\1.3.5\jakarta.annotation-api-1.3.5.jar;C:\dev\mvn_lib\repo\org\yaml\snakeyaml\1.26\snakeyaml-1.26.jar;C:\dev\mvn_lib\repo\org\springframework\boot\spring-boot-starter-json\2.3.1.RELEASE\spring-boot-starter-json-2.3.1.RELEASE.jar;C:\dev\mvn_lib\repo\com\fasterxml\jackson\datatype\jackson-datatype-jdk8\2.11.0\jackson-datatype-jdk8-2.11.0.jar;C:\dev\mvn_lib\repo\com\fasterxml\jackson\datatype\jackson-datatype-jsr310\2.11.0\jackson-datatype-jsr310-2.11.0.jar;C:\dev\mvn_lib\repo\com\fasterxml\jackson\module\jackson-module-parameter-names\2.11.0\jackson-module-parameter-names-2.11.0.jar;C:\dev\mvn_lib\repo\org\springframework\boot\spring-boot-starter-tomcat\2.3.1.RELEASE\spring-boot-starter-tomcat-2.3.1.RELEASE.jar;C:\dev\mvn_lib\repo\org\apache\tomcat\embed\tomcat-embed-core\9.0.36\tomcat-embed-core-9.0.36.jar;C:\dev\mvn_lib\repo\org\glassfish\jakarta.el\3.0.3\jakarta.el-3.0.3.jar;C:\dev\mvn_lib\repo\org\apache\tomcat\embed\tomcat-embed-websocket\9.0.36\tomcat-embed-websocket-9.0.36.jar;C:\dev\mvn_lib\repo\org\springframework\spring-web\5.2.7.RELEASE\spring-web-5.2.7.RELEASE.jar;C:\dev\mvn_lib\repo\org\springframework\spring-beans\5.2.7.RELEASE\spring-beans-5.2.7.RELEASE.jar;C:\dev\mvn_lib\repo\org\springframework\spring-webmvc\5.2.7.RELEASE\spring-webmvc-5.2.7.RELEASE.jar;C:\dev\mvn_lib\repo\org\springframework\spring-aop\5.2.7.RELEASE\spring-aop-5.2.7.RELEASE.jar;C:\dev\mvn_lib\repo\org\springframework\spring-context\5.2.7.RELEASE\spring-context-5.2.7.RELEASE.jar;C:\dev\mvn_lib\repo\org\springframework\spring-expression\5.2.7.RELEASE\spring-expression-5.2.7.RELEASE.jar;C:\dev\mvn_lib\repo\org\projectlombok\lombok\1.18.12\lombok-1.18.12.jar;C:\dev\mvn_lib\repo\org\springframework\boot\spring-boot-starter-test\2.3.1.RELEASE\spring-boot-starter-test-2.3.1.RELEASE.jar;C:\dev\mvn_lib\repo\org\springframework\boot\spring-boot-test\2.3.1.RELEASE\spring-boot-test-2.3.1.RELEASE.jar;C:\dev\mvn_lib\repo\org\springframework\boot\spring-boot-test-autoconfigure\2.3.1.RELEASE\spring-boot-test-autoconfigure-2.3.1.RELEASE.jar;C:\dev\mvn_lib\repo\com\jayway\jsonpath\json-path\2.4.0\json-path-2.4.0.jar;C:\dev\mvn_lib\repo\net\minidev\json-smart\2.3\json-smart-2.3.jar;C:\dev\mvn_lib\repo\net\minidev\accessors-smart\1.2\accessors-smart-1.2.jar;C:\dev\mvn_lib\repo\org\ow2\asm\asm\5.0.4\asm-5.0.4.jar;C:\dev\mvn_lib\repo\jakarta\xml\bind\jakarta.xml.bind-api\2.3.3\jakarta.xml.bind-api-2.3.3.jar;C:\dev\mvn_lib\repo\jakarta\activation\jakarta.activation-api\1.2.2\jakarta.activation-api-1.2.2.jar;C:\dev\mvn_lib\repo\org\assertj\assertj-core\3.16.1\assertj-core-3.16.1.jar;C:\dev\mvn_lib\repo\org\hamcrest\hamcrest\2.2\hamcrest-2.2.jar;C:\dev\mvn_lib\repo\org\junit\jupiter\junit-jupiter\5.6.2\junit-jupiter-5.6.2.jar;C:\dev\mvn_lib\repo\org\junit\jupiter\junit-jupiter-api\5.6.2\junit-jupiter-api-5.6.2.jar;C:\dev\mvn_lib\repo\org\apiguardian\apiguardian-api\1.1.0\apiguardian-api-1.1.0.jar;C:\dev\mvn_lib\repo\org\opentest4j\opentest4j\1.2.0\opentest4j-1.2.0.jar;C:\dev\mvn_lib\repo\org\junit\platform\junit-platform-commons\1.6.2\junit-platform-commons-1.6.2.jar;C:\dev\mvn_lib\repo\org\junit\jupiter\junit-jupiter-params\5.6.2\junit-jupiter-params-5.6.2.jar;C:\dev\mvn_lib\repo\org\junit\jupiter\junit-jupiter-engine\5.6.2\junit-jupiter-engine-5.6.2.jar;C:\dev\mvn_lib\repo\org\junit\platform\junit-platform-engine\1.6.2\junit-platform-engine-1.6.2.jar;C:\dev\mvn_lib\repo\org\mockito\mockito-core\3.3.3\mockito-core-3.3.3.jar;C:\dev\mvn_lib\repo\net\bytebuddy\byte-buddy\1.10.11\byte-buddy-1.10.11.jar;C:\dev\mvn_lib\repo\net\bytebuddy\byte-buddy-agent\1.10.11\byte-buddy-agent-1.10.11.jar;C:\dev\mvn_lib\repo\org\objenesis\objenesis\2.6\objenesis-2.6.jar;C:\dev\mvn_lib\repo\org\mockito\mockito-junit-jupiter\3.3.3\mockito-junit-jupiter-3.3.3.jar;C:\dev\mvn_lib\repo\org\skyscreamer\jsonassert\1.5.0\jsonassert-1.5.0.jar;C:\dev\mvn_lib\repo\com\vaadin\external\google\android-json\0.0.20131108.vaadin1\android-json-0.0.20131108.vaadin1.jar;C:\dev\mvn_lib\repo\org\springframework\spring-core\5.2.7.RELEASE\spring-core-5.2.7.RELEASE.jar;C:\dev\mvn_lib\repo\org\springframework\spring-jcl\5.2.7.RELEASE\spring-jcl-5.2.7.RELEASE.jar;C:\dev\mvn_lib\repo\org\springframework\spring-test\5.2.7.RELEASE\spring-test-5.2.7.RELEASE.jar;C:\dev\mvn_lib\repo\org\xmlunit\xmlunit-core\2.7.0\xmlunit-core-2.7.0.jar;C:\dev\mvn_lib\repo\com\alibaba\fastjson\1.2.47\fastjson-1.2.47.jar;C:\dev\mvn_lib\repo\org\slf4j\slf4j-log4j12\1.7.22\slf4j-log4j12-1.7.22.jar;C:\dev\mvn_lib\repo\org\slf4j\slf4j-api\1.7.22\slf4j-api-1.7.22.jar;C:\dev\mvn_lib\repo\log4j\log4j\1.2.17\log4j-1.2.17.jar;C:\dev\mvn_lib\repo\org\apache\hbase\hbase-server\1.3.1\hbase-server-1.3.1.jar;C:\dev\mvn_lib\repo\org\apache\hbase\hbase-common\1.3.1\hbase-common-1.3.1.jar;C:\dev\mvn_lib\repo\com\github\stephenc\findbugs\findbugs-annotations\1.3.9-1\findbugs-annotations-1.3.9-1.jar;C:\dev\mvn_lib\repo\org\apache\hbase\hbase-protocol\1.3.1\hbase-protocol-1.3.1.jar;C:\dev\mvn_lib\repo\org\apache\hbase\hbase-procedure\1.3.1\hbase-procedure-1.3.1.jar;C:\dev\mvn_lib\repo\org\apache\hbase\hbase-common\1.3.1\hbase-common-1.3.1-tests.jar;C:\dev\mvn_lib\repo\org\apache\hbase\hbase-prefix-tree\1.3.1\hbase-prefix-tree-1.3.1.jar;C:\dev\mvn_lib\repo\commons-httpclient\commons-httpclient\3.1\commons-httpclient-3.1.jar;C:\dev\mvn_lib\repo\commons-codec\commons-codec\1.14\commons-codec-1.14.jar;C:\dev\mvn_lib\repo\commons-collections\commons-collections\3.2.2\commons-collections-3.2.2.jar;C:\dev\mvn_lib\repo\org\apache\hbase\hbase-hadoop-compat\1.3.1\hbase-hadoop-compat-1.3.1.jar;C:\dev\mvn_lib\repo\org\apache\hbase\hbase-hadoop2-compat\1.3.1\hbase-hadoop2-compat-1.3.1.jar;C:\dev\mvn_lib\repo\com\yammer\metrics\metrics-core\2.2.0\metrics-core-2.2.0.jar;C:\dev\mvn_lib\repo\com\google\guava\guava\12.0.1\guava-12.0.1.jar;C:\dev\mvn_lib\repo\com\google\protobuf\protobuf-java\2.5.0\protobuf-java-2.5.0.jar;C:\dev\mvn_lib\repo\com\sun\jersey\jersey-core\1.9\jersey-core-1.9.jar;C:\dev\mvn_lib\repo\com\sun\jersey\jersey-server\1.9\jersey-server-1.9.jar;C:\dev\mvn_lib\repo\asm\asm\3.1\asm-3.1.jar;C:\dev\mvn_lib\repo\commons-cli\commons-cli\1.2\commons-cli-1.2.jar;C:\dev\mvn_lib\repo\commons-io\commons-io\2.4\commons-io-2.4.jar;C:\dev\mvn_lib\repo\commons-lang\commons-lang\2.6\commons-lang-2.6.jar;C:\dev\mvn_lib\repo\commons-logging\commons-logging\1.2\commons-logging-1.2.jar;C:\dev\mvn_lib\repo\org\apache\commons\commons-math\2.2\commons-math-2.2.jar;C:\dev\mvn_lib\repo\org\apache\zookeeper\zookeeper\3.4.6\zookeeper-3.4.6.jar;C:\dev\mvn_lib\repo\org\mortbay\jetty\jetty\6.1.26\jetty-6.1.26.jar;C:\dev\mvn_lib\repo\org\mortbay\jetty\jetty-util\6.1.26\jetty-util-6.1.26.jar;C:\dev\mvn_lib\repo\org\mortbay\jetty\jetty-sslengine\6.1.26\jetty-sslengine-6.1.26.jar;C:\dev\mvn_lib\repo\org\mortbay\jetty\jsp-2.1\6.1.14\jsp-2.1-6.1.14.jar;C:\dev\mvn_lib\repo\org\mortbay\jetty\jsp-api-2.1\6.1.14\jsp-api-2.1-6.1.14.jar;C:\dev\mvn_lib\repo\org\mortbay\jetty\servlet-api-2.5\6.1.14\servlet-api-2.5-6.1.14.jar;C:\dev\mvn_lib\repo\org\codehaus\jackson\jackson-core-asl\1.9.13\jackson-core-asl-1.9.13.jar;C:\dev\mvn_lib\repo\org\codehaus\jackson\jackson-mapper-asl\1.9.13\jackson-mapper-asl-1.9.13.jar;C:\dev\mvn_lib\repo\org\codehaus\jackson\jackson-jaxrs\1.9.13\jackson-jaxrs-1.9.13.jar;C:\dev\mvn_lib\repo\tomcat\jasper-compiler\5.5.23\jasper-compiler-5.5.23.jar;C:\dev\mvn_lib\repo\tomcat\jasper-runtime\5.5.23\jasper-runtime-5.5.23.jar;C:\dev\mvn_lib\repo\commons-el\commons-el\1.0\commons-el-1.0.jar;C:\dev\mvn_lib\repo\org\jamon\jamon-runtime\2.4.1\jamon-runtime-2.4.1.jar;C:\dev\mvn_lib\repo\io\netty\netty-all\4.1.50.Final\netty-all-4.1.50.Final.jar;C:\dev\mvn_lib\repo\org\apache\htrace\htrace-core\3.1.0-incubating\htrace-core-3.1.0-incubating.jar;C:\dev\mvn_lib\repo\com\lmax\disruptor\3.3.0\disruptor-3.3.0.jar;C:\dev\mvn_lib\repo\org\apache\hadoop\hadoop-common\2.5.1\hadoop-common-2.5.1.jar;C:\dev\mvn_lib\repo\org\apache\hadoop\hadoop-annotations\2.5.1\hadoop-annotations-2.5.1.jar;C:\Program Files\Java\jdk1.8.0_141\jre\..\lib\tools.jar;C:\dev\mvn_lib\repo\org\apache\commons\commons-math3\3.1.1\commons-math3-3.1.1.jar;C:\dev\mvn_lib\repo\xmlenc\xmlenc\0.52\xmlenc-0.52.jar;C:\dev\mvn_lib\repo\commons-net\commons-net\3.1\commons-net-3.1.jar;C:\dev\mvn_lib\repo\com\sun\jersey\jersey-json\1.9\jersey-json-1.9.jar;C:\dev\mvn_lib\repo\org\codehaus\jettison\jettison\1.1\jettison-1.1.jar;C:\dev\mvn_lib\repo\com\sun\xml\bind\jaxb-impl\2.2.3-1\jaxb-impl-2.2.3-1.jar;C:\dev\mvn_lib\repo\org\codehaus\jackson\jackson-xc\1.8.3\jackson-xc-1.8.3.jar;C:\dev\mvn_lib\repo\net\java\dev\jets3t\jets3t\0.9.0\jets3t-0.9.0.jar;C:\dev\mvn_lib\repo\org\apache\httpcomponents\httpcore\4.4.13\httpcore-4.4.13.jar;C:\dev\mvn_lib\repo\com\jamesmurty\utils\java-xmlbuilder\0.4\java-xmlbuilder-0.4.jar;C:\dev\mvn_lib\repo\commons-configuration\commons-configuration\1.6\commons-configuration-1.6.jar;C:\dev\mvn_lib\repo\commons-digester\commons-digester\1.8\commons-digester-1.8.jar;C:\dev\mvn_lib\repo\commons-beanutils\commons-beanutils\1.7.0\commons-beanutils-1.7.0.jar;C:\dev\mvn_lib\repo\commons-beanutils\commons-beanutils-core\1.8.0\commons-beanutils-core-1.8.0.jar;C:\dev\mvn_lib\repo\org\apache\avro\avro\1.7.4\avro-1.7.4.jar;C:\dev\mvn_lib\repo\com\thoughtworks\paranamer\paranamer\2.3\paranamer-2.3.jar;C:\dev\mvn_lib\repo\org\xerial\snappy\snappy-java\1.0.4.1\snappy-java-1.0.4.1.jar;C:\dev\mvn_lib\repo\com\jcraft\jsch\0.1.42\jsch-0.1.42.jar;C:\dev\mvn_lib\repo\org\apache\commons\commons-compress\1.4.1\commons-compress-1.4.1.jar;C:\dev\mvn_lib\repo\org\tukaani\xz\1.0\xz-1.0.jar;C:\dev\mvn_lib\repo\org\apache\hadoop\hadoop-auth\2.5.1\hadoop-auth-2.5.1.jar;C:\dev\mvn_lib\repo\org\apache\httpcomponents\httpclient\4.5.12\httpclient-4.5.12.jar;C:\dev\mvn_lib\repo\org\apache\directory\server\apacheds-kerberos-codec\2.0.0-M15\apacheds-kerberos-codec-2.0.0-M15.jar;C:\dev\mvn_lib\repo\org\apache\directory\server\apacheds-i18n\2.0.0-M15\apacheds-i18n-2.0.0-M15.jar;C:\dev\mvn_lib\repo\org\apache\directory\api\api-asn1-api\1.0.0-M20\api-asn1-api-1.0.0-M20.jar;C:\dev\mvn_lib\repo\org\apache\directory\api\api-util\1.0.0-M20\api-util-1.0.0-M20.jar;C:\dev\mvn_lib\repo\org\apache\hadoop\hadoop-client\2.5.1\hadoop-client-2.5.1.jar;C:\dev\mvn_lib\repo\org\apache\hadoop\hadoop-mapreduce-client-app\2.5.1\hadoop-mapreduce-client-app-2.5.1.jar;C:\dev\mvn_lib\repo\org\apache\hadoop\hadoop-mapreduce-client-common\2.5.1\hadoop-mapreduce-client-common-2.5.1.jar;C:\dev\mvn_lib\repo\org\apache\hadoop\hadoop-yarn-client\2.5.1\hadoop-yarn-client-2.5.1.jar;C:\dev\mvn_lib\repo\com\sun\jersey\jersey-client\1.9\jersey-client-1.9.jar;C:\dev\mvn_lib\repo\org\apache\hadoop\hadoop-yarn-server-common\2.5.1\hadoop-yarn-server-common-2.5.1.jar;C:\dev\mvn_lib\repo\org\apache\hadoop\hadoop-mapreduce-client-shuffle\2.5.1\hadoop-mapreduce-client-shuffle-2.5.1.jar;C:\dev\mvn_lib\repo\org\fusesource\leveldbjni\leveldbjni-all\1.8\leveldbjni-all-1.8.jar;C:\dev\mvn_lib\repo\org\apache\hadoop\hadoop-yarn-api\2.5.1\hadoop-yarn-api-2.5.1.jar;C:\dev\mvn_lib\repo\org\apache\hadoop\hadoop-mapreduce-client-jobclient\2.5.1\hadoop-mapreduce-client-jobclient-2.5.1.jar;C:\dev\mvn_lib\repo\org\apache\hadoop\hadoop-mapreduce-client-core\2.5.1\hadoop-mapreduce-client-core-2.5.1.jar;C:\dev\mvn_lib\repo\org\apache\hadoop\hadoop-yarn-common\2.5.1\hadoop-yarn-common-2.5.1.jar;C:\dev\mvn_lib\repo\javax\xml\bind\jaxb-api\2.3.1\jaxb-api-2.3.1.jar;C:\dev\mvn_lib\repo\javax\activation\javax.activation-api\1.2.0\javax.activation-api-1.2.0.jar;C:\dev\mvn_lib\repo\javax\servlet\servlet-api\2.5\servlet-api-2.5.jar;C:\dev\mvn_lib\repo\com\google\inject\guice\3.0\guice-3.0.jar;C:\dev\mvn_lib\repo\javax\inject\javax.inject\1\javax.inject-1.jar;C:\dev\mvn_lib\repo\aopalliance\aopalliance\1.0\aopalliance-1.0.jar;C:\dev\mvn_lib\repo\com\sun\jersey\contribs\jersey-guice\1.9\jersey-guice-1.9.jar;C:\dev\mvn_lib\repo\com\google\inject\extensions\guice-servlet\3.0\guice-servlet-3.0.jar;C:\dev\mvn_lib\repo\org\apache\hadoop\hadoop-hdfs\2.5.1\hadoop-hdfs-2.5.1.jar;C:\dev\mvn_lib\repo\commons-daemon\commons-daemon\1.0.13\commons-daemon-1.0.13.jar;C:\dev\mvn_lib\repo\junit\junit\4.13\junit-4.13.jar;C:\dev\mvn_lib\repo\org\hamcrest\hamcrest-core\2.2\hamcrest-core-2.2.jar;C:\dev\mvn_lib\repo\org\apache\hbase\hbase-client\1.3.1\hbase-client-1.3.1.jar;C:\dev\mvn_lib\repo\org\apache\hbase\hbase-annotations\1.3.1\hbase-annotations-1.3.1.jar;C:\dev\mvn_lib\repo\org\jruby\jcodings\jcodings\1.0.8\jcodings-1.0.8.jar;C:\dev\mvn_lib\repo\org\jruby\joni\joni\2.1.2\joni-2.1.2.jar;"/>
    <property name="sun.cpu.endian" value="little"/>
    <property name="user.home" value="C:\Users\Administrator"/>
    <property name="user.language" value="zh"/>
    <property name="java.specification.vendor" value="Oracle Corporation"/>
    <property name="java.home" value="C:\Program Files\Java\jdk1.8.0_141\jre"/>
    <property name="basedir" value="C:\wudla\work_space\hbase_flow"/>
    <property name="file.separator" value="\"/>
    <property name="line.separator" value="&#10;"/>
    <property name="java.vm.specification.vendor" value="Oracle Corporation"/>
    <property name="java.specification.name" value="Java Platform API Specification"/>
    <property name="java.awt.graphicsenv" value="sun.awt.Win32GraphicsEnvironment"/>
    <property name="idea.version2020.1.2" value="true"/>
    <property name="surefire.real.class.path" value="C:\Users\ADMINI~1\AppData\Local\Temp\surefire4075201961464126893\surefirebooter4271590213456180950.jar"/>
    <property name="sun.boot.class.path" value="C:\Program Files\Java\jdk1.8.0_141\jre\lib\resources.jar;C:\Program Files\Java\jdk1.8.0_141\jre\lib\rt.jar;C:\Program Files\Java\jdk1.8.0_141\jre\lib\sunrsasign.jar;C:\Program Files\Java\jdk1.8.0_141\jre\lib\jsse.jar;C:\Program Files\Java\jdk1.8.0_141\jre\lib\jce.jar;C:\Program Files\Java\jdk1.8.0_141\jre\lib\charsets.jar;C:\Program Files\Java\jdk1.8.0_141\jre\lib\jfr.jar;C:\Program Files\Java\jdk1.8.0_141\jre\classes"/>
    <property name="user.script" value=""/>
    <property name="sun.management.compiler" value="HotSpot 64-Bit Tiered Compilers"/>
    <property name="java.runtime.version" value="1.8.0_141-b15"/>
    <property name="user.name" value="Administrator"/>
    <property name="path.separator" value=";"/>
    <property name="os.version" value="10.0"/>
    <property name="java.endorsed.dirs" value="C:\Program Files\Java\jdk1.8.0_141\jre\lib\endorsed"/>
    <property name="java.runtime.name" value="Java(TM) SE Runtime Environment"/>
    <property name="file.encoding" value="GBK"/>
    <property name="java.vm.name" value="Java HotSpot(TM) 64-Bit Server VM"/>
    <property name="localRepository" value="C:\dev\mvn_lib\repo"/>
    <property name="java.vendor.url.bug" value="http://bugreport.sun.com/bugreport/"/>
    <property name="java.io.tmpdir" value="C:\Users\ADMINI~1\AppData\Local\Temp\"/>
    <property name="java.version" value="1.8.0_141"/>
    <property name="user.dir" value="C:\wudla\work_space\hbase_flow"/>
    <property name="os.arch" value="amd64"/>
    <property name="java.vm.specification.name" value="Java Virtual Machine Specification"/>
    <property name="java.awt.printerjob" value="sun.awt.windows.WPrinterJob"/>
    <property name="sun.os.patch.level" value=""/>
    <property name="java.library.path" value="C:\Program Files\Java\jdk1.8.0_141\jre\bin;C:\WINDOWS\Sun\Java\bin;C:\WINDOWS\system32;C:\WINDOWS;C:\Program Files (x86)\Common Files\Oracle\Java\javapath;C:\Program Files\Java\jdk1.8.0_141\bin;C:\Program Files\Java\jdk1.8.0_141\jre\bin;C:\ProgramData\Oracle\Java\javapath;C:\WINDOWS\system32;C:\WINDOWS;C:\WINDOWS\System32\Wbem;C:\WINDOWS\System32\WindowsPowerShell\v1.0\;C:\WINDOWS\System32\OpenSSH\;C:\dev\tools\maven-3.6.3\bin;C:\Program Files\Git\cmd;C:\Program Files\TortoiseSVN\bin;C:\Users\Administrator\AppData\Local\Microsoft\WindowsApps;."/>
    <property name="java.vm.info" value="mixed mode"/>
    <property name="java.vendor" value="Oracle Corporation"/>
    <property name="java.vm.version" value="25.141-b15"/>
    <property name="java.ext.dirs" value="C:\Program Files\Java\jdk1.8.0_141\jre\lib\ext;C:\WINDOWS\Sun\Java\lib\ext"/>
    <property name="sun.io.unicode.encoding" value="UnicodeLittle"/>
    <property name="java.class.version" value="52.0"/>
  </properties>
  <testcase name="contextLoads" classname="com.persagy.hbase.flow.FlowApplicationTests" time="0.449"/>
</testsuite>